  gameplay.cpp
C:\Users\lucas\Documents\Facultad\Desarrollo 1\FLAPPY BIRD\gameplay.cpp(23,38): warning C4244: '=': conversión de 'int' a 'float'; posible pérdida de datos
C:\Users\lucas\Documents\Facultad\Desarrollo 1\FLAPPY BIRD\gameplay.cpp(24,38): warning C4244: '=': conversión de 'int' a 'float'; posible pérdida de datos
C:\Users\lucas\Documents\Facultad\Desarrollo 1\FLAPPY BIRD\gameplay.cpp(28,18): warning C4244: '=': conversión de 'int' a 'float'; posible pérdida de datos
C:\Users\lucas\Documents\Facultad\Desarrollo 1\FLAPPY BIRD\gameplay.cpp(29,18): warning C4244: '=': conversión de 'int' a 'float'; posible pérdida de datos
C:\Users\lucas\Documents\Facultad\Desarrollo 1\FLAPPY BIRD\gameplay.cpp(30,32): warning C4244: '=': conversión de 'int' a 'float'; posible pérdida de datos
C:\Users\lucas\Documents\Facultad\Desarrollo 1\FLAPPY BIRD\gameplay.cpp(38,76): warning C4244: 'argumento': conversión de 'float' a 'int'; posible pérdida de datos
C:\Users\lucas\Documents\Facultad\Desarrollo 1\FLAPPY BIRD\gameplay.cpp(38,57): warning C4244: 'argumento': conversión de 'float' a 'int'; posible pérdida de datos
C:\Users\lucas\Documents\Facultad\Desarrollo 1\FLAPPY BIRD\gameplay.cpp(38,42): warning C4244: 'argumento': conversión de 'float' a 'int'; posible pérdida de datos
C:\Users\lucas\Documents\Facultad\Desarrollo 1\FLAPPY BIRD\gameplay.cpp(38,27): warning C4244: 'argumento': conversión de 'float' a 'int'; posible pérdida de datos
C:\Users\lucas\Documents\Facultad\Desarrollo 1\FLAPPY BIRD\gameplay.cpp(39,76): warning C4244: 'argumento': conversión de 'float' a 'int'; posible pérdida de datos
C:\Users\lucas\Documents\Facultad\Desarrollo 1\FLAPPY BIRD\gameplay.cpp(39,57): warning C4244: 'argumento': conversión de 'float' a 'int'; posible pérdida de datos
C:\Users\lucas\Documents\Facultad\Desarrollo 1\FLAPPY BIRD\gameplay.cpp(39,42): warning C4244: 'argumento': conversión de 'float' a 'int'; posible pérdida de datos
C:\Users\lucas\Documents\Facultad\Desarrollo 1\FLAPPY BIRD\gameplay.cpp(39,27): warning C4244: 'argumento': conversión de 'float' a 'int'; posible pérdida de datos
C:\Users\lucas\Documents\Facultad\Desarrollo 1\FLAPPY BIRD\gameplay.cpp(46,106): warning C4244: 'argumento': conversión de 'float' a 'int'; posible pérdida de datos
C:\Users\lucas\Documents\Facultad\Desarrollo 1\FLAPPY BIRD\gameplay.cpp(46,88): warning C4244: 'argumento': conversión de 'float' a 'int'; posible pérdida de datos
C:\Users\lucas\Documents\Facultad\Desarrollo 1\FLAPPY BIRD\gameplay.cpp(46,74): warning C4244: 'argumento': conversión de 'float' a 'int'; posible pérdida de datos
C:\Users\lucas\Documents\Facultad\Desarrollo 1\FLAPPY BIRD\gameplay.cpp(46,60): warning C4244: 'argumento': conversión de 'float' a 'int'; posible pérdida de datos
C:\Users\lucas\Documents\Facultad\Desarrollo 1\FLAPPY BIRD\gameplay.cpp(46,223): warning C4244: 'argumento': conversión de 'float' a 'int'; posible pérdida de datos
C:\Users\lucas\Documents\Facultad\Desarrollo 1\FLAPPY BIRD\gameplay.cpp(46,204): warning C4244: 'argumento': conversión de 'float' a 'int'; posible pérdida de datos
C:\Users\lucas\Documents\Facultad\Desarrollo 1\FLAPPY BIRD\gameplay.cpp(46,189): warning C4244: 'argumento': conversión de 'float' a 'int'; posible pérdida de datos
C:\Users\lucas\Documents\Facultad\Desarrollo 1\FLAPPY BIRD\gameplay.cpp(46,174): warning C4244: 'argumento': conversión de 'float' a 'int'; posible pérdida de datos
C:\Users\lucas\Documents\Facultad\Desarrollo 1\FLAPPY BIRD\gameplay.cpp(74,12): warning C4244: 'argumento': conversión de 'time_t' a 'unsigned int'; posible pérdida de datos
C:\Users\lucas\Documents\Facultad\Desarrollo 1\FLAPPY BIRD\gameplay.cpp(79,18): warning C4244: '=': conversión de 'int' a 'float'; posible pérdida de datos
C:\Users\lucas\Documents\Facultad\Desarrollo 1\FLAPPY BIRD\gameplay.cpp(80,19): warning C4244: '=': conversión de 'int' a 'float'; posible pérdida de datos
C:\Users\lucas\Documents\Facultad\Desarrollo 1\FLAPPY BIRD\gameplay.cpp(81,33): warning C4244: '=': conversión de 'int' a 'float'; posible pérdida de datos
  Generando código
  0 of 1100 functions ( 0.0%) were compiled, the rest were copied from previous compilation.
    0 functions were new in current compilation
    0 functions had inline decision re-evaluated but remain unchanged
  Generación de código finalizada
raylib.lib(core.obj) : warning LNK4099: no se encontró PDB 'raylib.pdb' con 'raylib.lib(core.obj)' o en 'C:\Users\lucas\Documents\Facultad\Desarrollo 1\FLAPPY BIRD\bin\Release\raylib.pdb'; se vinculará el objeto sin tener en cuenta información de depuración
raylib.lib(shapes.obj) : warning LNK4099: no se encontró PDB 'raylib.pdb' con 'raylib.lib(shapes.obj)' o en 'C:\Users\lucas\Documents\Facultad\Desarrollo 1\FLAPPY BIRD\bin\Release\raylib.pdb'; se vinculará el objeto sin tener en cuenta información de depuración
raylib.lib(textures.obj) : warning LNK4099: no se encontró PDB 'raylib.pdb' con 'raylib.lib(textures.obj)' o en 'C:\Users\lucas\Documents\Facultad\Desarrollo 1\FLAPPY BIRD\bin\Release\raylib.pdb'; se vinculará el objeto sin tener en cuenta información de depuración
raylib.lib(text.obj) : warning LNK4099: no se encontró PDB 'raylib.pdb' con 'raylib.lib(text.obj)' o en 'C:\Users\lucas\Documents\Facultad\Desarrollo 1\FLAPPY BIRD\bin\Release\raylib.pdb'; se vinculará el objeto sin tener en cuenta información de depuración
raylib.lib(raudio.obj) : warning LNK4099: no se encontró PDB 'raylib.pdb' con 'raylib.lib(raudio.obj)' o en 'C:\Users\lucas\Documents\Facultad\Desarrollo 1\FLAPPY BIRD\bin\Release\raylib.pdb'; se vinculará el objeto sin tener en cuenta información de depuración
raylib.lib(rglfw.obj) : warning LNK4099: no se encontró PDB '' con 'raylib.lib(rglfw.obj)' o en ''; se vinculará el objeto sin tener en cuenta información de depuración
raylib.lib(utils.obj) : warning LNK4099: no se encontró PDB 'raylib.pdb' con 'raylib.lib(utils.obj)' o en 'C:\Users\lucas\Documents\Facultad\Desarrollo 1\FLAPPY BIRD\bin\Release\raylib.pdb'; se vinculará el objeto sin tener en cuenta información de depuración
  FLAPPY BIRD.vcxproj -> C:\Users\lucas\Documents\Facultad\Desarrollo 1\FLAPPY BIRD\bin\Release\FLAPPY BIRD.exe
